mode: set
github.com/StevensSEC/pokemonbattlelib/items.go:75.32,78.2 2 0
github.com/StevensSEC/pokemonbattlelib/party.go:21.46,28.2 1 1
github.com/StevensSEC/pokemonbattlelib/party.go:31.46,32.47 1 1
github.com/StevensSEC/pokemonbattlelib/party.go:35.2,35.40 1 1
github.com/StevensSEC/pokemonbattlelib/party.go:32.47,34.3 1 0
github.com/StevensSEC/pokemonbattlelib/party.go:39.34,40.26 1 1
github.com/StevensSEC/pokemonbattlelib/party.go:43.2,43.57 1 1
github.com/StevensSEC/pokemonbattlelib/party.go:40.26,42.3 1 0
github.com/StevensSEC/pokemonbattlelib/party.go:47.36,48.27 1 1
github.com/StevensSEC/pokemonbattlelib/party.go:51.2,52.41 2 1
github.com/StevensSEC/pokemonbattlelib/party.go:57.2,57.29 1 1
github.com/StevensSEC/pokemonbattlelib/party.go:48.27,50.3 1 0
github.com/StevensSEC/pokemonbattlelib/party.go:52.41,53.29 1 1
github.com/StevensSEC/pokemonbattlelib/party.go:53.29,55.4 1 0
github.com/StevensSEC/pokemonbattlelib/party.go:61.45,62.25 1 1
github.com/StevensSEC/pokemonbattlelib/party.go:65.2,65.41 1 1
github.com/StevensSEC/pokemonbattlelib/party.go:70.2,70.14 1 1
github.com/StevensSEC/pokemonbattlelib/party.go:62.25,64.3 1 0
github.com/StevensSEC/pokemonbattlelib/party.go:65.41,66.29 1 1
github.com/StevensSEC/pokemonbattlelib/party.go:66.29,68.4 1 1
github.com/StevensSEC/pokemonbattlelib/party.go:74.52,76.36 2 1
github.com/StevensSEC/pokemonbattlelib/party.go:83.2,83.18 1 1
github.com/StevensSEC/pokemonbattlelib/party.go:76.36,77.42 1 1
github.com/StevensSEC/pokemonbattlelib/party.go:77.42,78.25 1 1
github.com/StevensSEC/pokemonbattlelib/party.go:78.25,80.5 1 1
github.com/StevensSEC/pokemonbattlelib/gender.go:13.33,14.21 1 1
github.com/StevensSEC/pokemonbattlelib/gender.go:14.21,16.3 1 1
github.com/StevensSEC/pokemonbattlelib/gender.go:16.8,16.24 1 1
github.com/StevensSEC/pokemonbattlelib/gender.go:16.24,18.3 1 1
github.com/StevensSEC/pokemonbattlelib/gender.go:18.8,18.22 1 1
github.com/StevensSEC/pokemonbattlelib/gender.go:18.22,20.3 1 1
github.com/StevensSEC/pokemonbattlelib/gender.go:20.8,21.56 1 0
github.com/StevensSEC/pokemonbattlelib/rng.go:10.36,12.2 1 1
github.com/StevensSEC/pokemonbattlelib/rng.go:14.39,18.2 3 1
github.com/StevensSEC/pokemonbattlelib/battle.go:27.26,32.2 2 1
github.com/StevensSEC/pokemonbattlelib/battle.go:38.40,40.2 1 1
github.com/StevensSEC/pokemonbattlelib/battle.go:43.51,45.34 2 1
github.com/StevensSEC/pokemonbattlelib/battle.go:50.2,50.15 1 1
github.com/StevensSEC/pokemonbattlelib/battle.go:45.34,46.27 1 1
github.com/StevensSEC/pokemonbattlelib/battle.go:46.27,48.4 1 1
github.com/StevensSEC/pokemonbattlelib/battle.go:54.54,56.34 2 1
github.com/StevensSEC/pokemonbattlelib/battle.go:61.2,61.18 1 1
github.com/StevensSEC/pokemonbattlelib/battle.go:56.34,57.27 1 1
github.com/StevensSEC/pokemonbattlelib/battle.go:57.27,59.4 1 1
github.com/StevensSEC/pokemonbattlelib/battle.go:64.32,69.34 2 1
github.com/StevensSEC/pokemonbattlelib/battle.go:72.2,72.12 1 1
github.com/StevensSEC/pokemonbattlelib/battle.go:69.34,71.3 1 1
github.com/StevensSEC/pokemonbattlelib/battle.go:76.34,79.34 2 1
github.com/StevensSEC/pokemonbattlelib/battle.go:87.2,87.46 1 1
github.com/StevensSEC/pokemonbattlelib/battle.go:106.2,106.29 1 1
github.com/StevensSEC/pokemonbattlelib/battle.go:79.34,80.47 1 1
github.com/StevensSEC/pokemonbattlelib/battle.go:80.47,84.4 3 1
github.com/StevensSEC/pokemonbattlelib/battle.go:87.46,92.55 5 1
github.com/StevensSEC/pokemonbattlelib/battle.go:103.3,103.15 1 0
github.com/StevensSEC/pokemonbattlelib/battle.go:92.55,93.27 1 1
github.com/StevensSEC/pokemonbattlelib/battle.go:94.19,96.71 1 1
github.com/StevensSEC/pokemonbattlelib/battle.go:98.9,101.4 1 0
github.com/StevensSEC/pokemonbattlelib/battle.go:106.29,107.35 1 1
github.com/StevensSEC/pokemonbattlelib/battle.go:108.18,109.41 1 1
github.com/StevensSEC/pokemonbattlelib/battle.go:110.11,111.44 1 0
github.com/StevensSEC/pokemonbattlelib/battle.go:124.76,131.2 1 1
github.com/StevensSEC/pokemonbattlelib/battle.go:150.38,152.2 1 1
github.com/StevensSEC/pokemonbattlelib/move.go:13.39,14.11 1 1
github.com/StevensSEC/pokemonbattlelib/move.go:15.14,16.18 1 0
github.com/StevensSEC/pokemonbattlelib/move.go:17.16,18.20 1 0
github.com/StevensSEC/pokemonbattlelib/move.go:19.15,20.19 1 1
github.com/StevensSEC/pokemonbattlelib/move.go:21.10,22.46 1 0
github.com/StevensSEC/pokemonbattlelib/move.go:42.27,43.30 1 1
github.com/StevensSEC/pokemonbattlelib/move.go:48.2,48.25 1 0
github.com/StevensSEC/pokemonbattlelib/move.go:43.30,44.17 1 1
github.com/StevensSEC/pokemonbattlelib/move.go:44.17,46.4 1 1
github.com/StevensSEC/pokemonbattlelib/move.go:51.31,53.2 1 1
github.com/StevensSEC/pokemonbattlelib/pokemon.go:45.40,46.32 1 1
github.com/StevensSEC/pokemonbattlelib/pokemon.go:52.2,52.59 1 0
github.com/StevensSEC/pokemonbattlelib/pokemon.go:46.32,47.25 1 1
github.com/StevensSEC/pokemonbattlelib/pokemon.go:47.25,49.4 1 1
github.com/StevensSEC/pokemonbattlelib/pokemon.go:55.36,57.2 1 1
github.com/StevensSEC/pokemonbattlelib/pokemon.go:59.40,61.2 1 0
github.com/StevensSEC/pokemonbattlelib/pokemon.go:63.38,64.27 1 0
github.com/StevensSEC/pokemonbattlelib/pokemon.go:69.2,69.13 1 0
github.com/StevensSEC/pokemonbattlelib/pokemon.go:64.27,65.14 1 0
github.com/StevensSEC/pokemonbattlelib/pokemon.go:65.14,67.4 1 0
github.com/StevensSEC/pokemonbattlelib/pokemon.go:72.38,74.27 2 0
github.com/StevensSEC/pokemonbattlelib/pokemon.go:77.2,77.24 1 0
github.com/StevensSEC/pokemonbattlelib/pokemon.go:74.27,76.3 1 0
github.com/StevensSEC/pokemonbattlelib/pokemon.go:83.35,86.2 1 1
